This file contains any messages produced by compilers while
running configure, to aid debugging if configure makes a mistake.

It was created by configure, which was
generated by GNU Autoconf 2.69.  Invocation command line was

  $ ./configure 

## --------- ##
## Platform. ##
## --------- ##

hostname = ws-5c2dd950-f456-4202-8492-129f498a665b
uname -m = x86_64
uname -r = 5.4.0-1024-gcp
uname -s = Linux
uname -v = #24~18.04.1-Ubuntu SMP Sun Sep 6 03:37:03 UTC 2020

/usr/bin/uname -p = x86_64
/bin/uname -X     = unknown

/bin/arch              = x86_64
/usr/bin/arch -k       = unknown
/usr/convex/getsysinfo = unknown
/usr/bin/hostinfo      = unknown
/bin/machine           = unknown
/usr/bin/oslevel       = unknown
/bin/universe          = unknown

PATH: /home/gitpod/.pyenv/plugins/pyenv-virtualenv/shims
PATH: /home/gitpod/.pyenv/shims
PATH: /workspace/.cargo/bin
PATH: /workspace/.pip-modules/bin
PATH: /workspace/.rvm/bin
PATH: /home/gitpod/.sdkman/candidates/maven/current/bin
PATH: /home/gitpod/.sdkman/candidates/java/current/bin
PATH: /home/gitpod/.sdkman/candidates/gradle/current/bin
PATH: /home/gitpod/.rvm/gems/ruby-2.6.6/bin
PATH: /home/gitpod/.rvm/gems/ruby-2.6.6@global/bin
PATH: /home/gitpod/.rvm/rubies/ruby-2.6.6/bin
PATH: /home/gitpod/.pyenv/plugins/pyenv-virtualenv/shims
PATH: /home/gitpod/.pyenv/shims
PATH: /workspace/.cargo/bin
PATH: /workspace/.pip-modules/bin
PATH: /workspace/.rvm/bin
PATH: /ide/bin
PATH: /home/gitpod/.pyenv/bin
PATH: /home/gitpod/.pyenv/shims
PATH: /workspace/go/bin
PATH: /home/gitpod/go/bin
PATH: /home/gitpod/go-packages/bin
PATH: /usr/local/sbin
PATH: /usr/local/bin
PATH: /usr/sbin
PATH: /usr/bin
PATH: /sbin
PATH: /bin
PATH: /home/linuxbrew/.linuxbrew/bin
PATH: /home/linuxbrew/.linuxbrew/sbin/
PATH: /home/gitpod/.nvm/versions/node/v14.16.1/bin
PATH: /home/gitpod/.cargo/bin
PATH: /home/gitpod/.rvm/bin


## ----------- ##
## Core tests. ##
## ----------- ##

configure:2577: checking for a BSD-compatible install
configure:2645: result: /usr/bin/install -c
configure:2656: checking whether build environment is sane
configure:2711: result: yes
configure:2860: checking for a thread-safe mkdir -p
configure:2899: result: /usr/bin/mkdir -p
configure:2906: checking for gawk
configure:2922: found /usr/bin/gawk
configure:2933: result: gawk
configure:2944: checking whether make sets $(MAKE)
configure:2966: result: yes
configure:2995: checking whether make supports nested variables
configure:3012: result: yes
configure:3192: checking for gcc
configure:3208: found /usr/bin/gcc
configure:3219: result: gcc
configure:3448: checking for C compiler version
configure:3457: gcc --version >&5
gcc (Ubuntu 9.3.0-17ubuntu1~20.04) 9.3.0
Copyright (C) 2019 Free Software Foundation, Inc.
This is free software; see the source for copying conditions.  There is NO
warranty; not even for MERCHANTABILITY or FITNESS FOR A PARTICULAR PURPOSE.

configure:3468: $? = 0
configure:3457: gcc -v >&5
Using built-in specs.
COLLECT_GCC=gcc
COLLECT_LTO_WRAPPER=/usr/lib/gcc/x86_64-linux-gnu/9/lto-wrapper
OFFLOAD_TARGET_NAMES=nvptx-none:hsa
OFFLOAD_TARGET_DEFAULT=1
Target: x86_64-linux-gnu
Configured with: ../src/configure -v --with-pkgversion='Ubuntu 9.3.0-17ubuntu1~20.04' --with-bugurl=file:///usr/share/doc/gcc-9/README.Bugs --enable-languages=c,ada,c++,go,brig,d,fortran,objc,obj-c++,gm2 --prefix=/usr --with-gcc-major-version-only --program-suffix=-9 --program-prefix=x86_64-linux-gnu- --enable-shared --enable-linker-build-id --libexecdir=/usr/lib --without-included-gettext --enable-threads=posix --libdir=/usr/lib --enable-nls --enable-clocale=gnu --enable-libstdcxx-debug --enable-libstdcxx-time=yes --with-default-libstdcxx-abi=new --enable-gnu-unique-object --disable-vtable-verify --enable-plugin --enable-default-pie --with-system-zlib --with-target-system-zlib=auto --enable-objc-gc=auto --enable-multiarch --disable-werror --with-arch-32=i686 --with-abi=m64 --with-multilib-list=m32,m64,mx32 --enable-multilib --with-tune=generic --enable-offload-targets=nvptx-none=/build/gcc-9-HskZEa/gcc-9-9.3.0/debian/tmp-nvptx/usr,hsa --without-cuda-driver --enable-checking=release --build=x86_64-linux-gnu --host=x86_64-linux-gnu --target=x86_64-linux-gnu
Thread model: posix
gcc version 9.3.0 (Ubuntu 9.3.0-17ubuntu1~20.04) 
configure:3468: $? = 0
configure:3457: gcc -V >&5
gcc: error: unrecognized command line option '-V'
gcc: fatal error: no input files
compilation terminated.
configure:3468: $? = 1
configure:3457: gcc -qversion >&5
gcc: error: unrecognized command line option '-qversion'; did you mean '--version'?
gcc: fatal error: no input files
compilation terminated.
configure:3468: $? = 1
configure:3488: checking whether the C compiler works
configure:3510: gcc    conftest.c  >&5
configure:3514: $? = 0
configure:3562: result: yes
configure:3565: checking for C compiler default output file name
configure:3567: result: a.out
configure:3573: checking for suffix of executables
configure:3580: gcc -o conftest    conftest.c  >&5
configure:3584: $? = 0
configure:3606: result: 
configure:3628: checking whether we are cross compiling
configure:3636: gcc -o conftest    conftest.c  >&5
configure:3640: $? = 0
configure:3647: ./conftest
configure:3651: $? = 0
configure:3639: result: no
configure:3644: checking for suffix of object files
configure:3666: gcc -c   conftest.c >&5
configure:3670: $? = 0
configure:3691: result: o
configure:3695: checking whether we are using the GNU C compiler
configure:3714: gcc -c   conftest.c >&5
configure:3714: $? = 0
configure:3723: result: yes
configure:3732: checking whether gcc accepts -g
configure:3752: gcc -c -g  conftest.c >&5
configure:3752: $? = 0
configure:3793: result: yes
configure:3810: checking for gcc option to accept ISO C89
configure:3873: gcc  -c -g -O2  conftest.c >&5
configure:3873: $? = 0
configure:3886: result: none needed
configure:3911: checking whether gcc understands -c and -o together
configure:3933: gcc -c conftest.c -o conftest2.o
configure:3936: $? = 0
configure:3933: gcc -c conftest.c -o conftest2.o
configure:3936: $? = 0
configure:3948: result: yes
configure:3968: checking whether make supports the include directive
configure:3983: make -f confmf.GNU && cat confinc.out
this is the am__doit target
configure:3986: $? = 0
configure:4005: result: yes (GNU style)
configure:4030: checking dependency style of gcc
configure:4141: result: gcc3
configure:4161: checking how to run the C preprocessor
configure:4192: gcc -E  conftest.c
configure:4192: $? = 0
configure:4206: gcc -E  conftest.c
conftest.c:11:10: fatal error: ac_nonexistent.h: No such file or directory
   11 | #include <ac_nonexistent.h>
      |          ^~~~~~~~~~~~~~~~~~
compilation terminated.
configure:4206: $? = 1
configure: failed program was:
| /* confdefs.h */
| #define PACKAGE_NAME ""
| #define PACKAGE_TARNAME ""
| #define PACKAGE_VERSION ""
| #define PACKAGE_STRING ""
| #define PACKAGE_BUGREPORT ""
| #define PACKAGE_URL ""
| #define PACKAGE "Pixie"
| #define VERSION "2.2.6"
| /* end confdefs.h.  */
| #include <ac_nonexistent.h>
configure:4231: result: gcc -E
configure:4251: gcc -E  conftest.c
configure:4251: $? = 0
configure:4265: gcc -E  conftest.c
conftest.c:11:10: fatal error: ac_nonexistent.h: No such file or directory
   11 | #include <ac_nonexistent.h>
      |          ^~~~~~~~~~~~~~~~~~
compilation terminated.
configure:4265: $? = 1
configure: failed program was:
| /* confdefs.h */
| #define PACKAGE_NAME ""
| #define PACKAGE_TARNAME ""
| #define PACKAGE_VERSION ""
| #define PACKAGE_STRING ""
| #define PACKAGE_BUGREPORT ""
| #define PACKAGE_URL ""
| #define PACKAGE "Pixie"
| #define VERSION "2.2.6"
| /* end confdefs.h.  */
| #include <ac_nonexistent.h>
configure:4351: checking for g++
configure:4367: found /usr/bin/g++
configure:4378: result: g++
configure:4405: checking for C++ compiler version
configure:4414: g++ --version >&5
g++ (Ubuntu 9.3.0-17ubuntu1~20.04) 9.3.0
Copyright (C) 2019 Free Software Foundation, Inc.
This is free software; see the source for copying conditions.  There is NO
warranty; not even for MERCHANTABILITY or FITNESS FOR A PARTICULAR PURPOSE.

configure:4425: $? = 0
configure:4414: g++ -v >&5
Using built-in specs.
COLLECT_GCC=g++
COLLECT_LTO_WRAPPER=/usr/lib/gcc/x86_64-linux-gnu/9/lto-wrapper
OFFLOAD_TARGET_NAMES=nvptx-none:hsa
OFFLOAD_TARGET_DEFAULT=1
Target: x86_64-linux-gnu
Configured with: ../src/configure -v --with-pkgversion='Ubuntu 9.3.0-17ubuntu1~20.04' --with-bugurl=file:///usr/share/doc/gcc-9/README.Bugs --enable-languages=c,ada,c++,go,brig,d,fortran,objc,obj-c++,gm2 --prefix=/usr --with-gcc-major-version-only --program-suffix=-9 --program-prefix=x86_64-linux-gnu- --enable-shared --enable-linker-build-id --libexecdir=/usr/lib --without-included-gettext --enable-threads=posix --libdir=/usr/lib --enable-nls --enable-clocale=gnu --enable-libstdcxx-debug --enable-libstdcxx-time=yes --with-default-libstdcxx-abi=new --enable-gnu-unique-object --disable-vtable-verify --enable-plugin --enable-default-pie --with-system-zlib --with-target-system-zlib=auto --enable-objc-gc=auto --enable-multiarch --disable-werror --with-arch-32=i686 --with-abi=m64 --with-multilib-list=m32,m64,mx32 --enable-multilib --with-tune=generic --enable-offload-targets=nvptx-none=/build/gcc-9-HskZEa/gcc-9-9.3.0/debian/tmp-nvptx/usr,hsa --without-cuda-driver --enable-checking=release --build=x86_64-linux-gnu --host=x86_64-linux-gnu --target=x86_64-linux-gnu
Thread model: posix
gcc version 9.3.0 (Ubuntu 9.3.0-17ubuntu1~20.04) 
configure:4425: $? = 0
configure:4414: g++ -V >&5
g++: error: unrecognized command line option '-V'
g++: fatal error: no input files
compilation terminated.
configure:4425: $? = 1
configure:4414: g++ -qversion >&5
g++: error: unrecognized command line option '-qversion'; did you mean '--version'?
g++: fatal error: no input files
compilation terminated.
configure:4425: $? = 1
configure:4429: checking whether we are using the GNU C++ compiler
configure:4448: g++ -c   conftest.cpp >&5
configure:4448: $? = 0
configure:4457: result: yes
configure:4466: checking whether g++ accepts -g
configure:4486: g++ -c -g  conftest.cpp >&5
configure:4486: $? = 0
configure:4527: result: yes
configure:4552: checking dependency style of g++
configure:4663: result: gcc3
configure:4738: checking build system type
configure:4752: result: x86_64-pc-linux-gnu
configure:4772: checking host system type
configure:4785: result: x86_64-pc-linux-gnu
configure:4826: checking how to print strings
configure:4853: result: printf
configure:4874: checking for a sed that does not truncate output
configure:4938: result: /usr/bin/sed
configure:4956: checking for grep that handles long lines and -e
configure:5014: result: /usr/bin/grep
configure:5019: checking for egrep
configure:5081: result: /usr/bin/grep -E
configure:5086: checking for fgrep
configure:5148: result: /usr/bin/grep -F
configure:5183: checking for ld used by gcc
configure:5250: result: /usr/bin/ld
configure:5257: checking if the linker (/usr/bin/ld) is GNU ld
configure:5272: result: yes
configure:5284: checking for BSD- or MS-compatible name lister (nm)
configure:5338: result: /usr/bin/nm -B
configure:5468: checking the name lister (/usr/bin/nm -B) interface
configure:5475: gcc -c -g -O2  conftest.c >&5
configure:5478: /usr/bin/nm -B "conftest.o"
configure:5481: output
0000000000000000 B some_variable
configure:5482: result: BSD nm
configure:5485: checking whether ln -s works
configure:5489: result: yes
configure:5497: checking the maximum length of command line arguments
configure:5628: result: 1572864
configure:5676: checking how to convert x86_64-pc-linux-gnu file names to x86_64-pc-linux-gnu format
configure:5716: result: func_convert_file_noop
configure:5723: checking how to convert x86_64-pc-linux-gnu file names to toolchain format
configure:5743: result: func_convert_file_noop
configure:5750: checking for /usr/bin/ld option to reload object files
configure:5757: result: -r
configure:5831: checking for objdump
configure:5847: found /usr/bin/objdump
configure:5858: result: objdump
configure:5890: checking how to recognize dependent libraries
configure:6090: result: pass_all
configure:6175: checking for dlltool
configure:6205: result: no
configure:6235: checking how to associate runtime and link libraries
configure:6262: result: printf %s\n
configure:6323: checking for ar
configure:6339: found /usr/bin/ar
configure:6350: result: ar
configure:6387: checking for archiver @FILE support
configure:6404: gcc -c -g -O2  conftest.c >&5
configure:6404: $? = 0
configure:6407: ar cr libconftest.a @conftest.lst >&5
configure:6410: $? = 0
configure:6415: ar cr libconftest.a @conftest.lst >&5
ar: conftest.o: No such file or directory
configure:6418: $? = 1
configure:6417: result: @
configure:6475: checking for strip
configure:6491: found /usr/bin/strip
configure:6502: result: strip
configure:6574: checking for ranlib
configure:6590: found /usr/bin/ranlib
configure:6601: result: ranlib
configure:6703: checking command to parse /usr/bin/nm -B output from gcc object
configure:6856: gcc -c -g -O2  conftest.c >&5
configure:6859: $? = 0
configure:6863: /usr/bin/nm -B conftest.o | sed -n -e 's/^.*[	 ]\([ABCDGIRSTW][ABCDGIRSTW]*\)[	 ][	 ]*\([_A-Za-z][_A-Za-z0-9]*\)$/\1 \2 \2/p' | sed '/ __gnu_lto/d' > conftest.nm
configure:6929: gcc -o conftest -g -O2   conftest.c conftstm.o >&5
configure:6932: $? = 0
configure:6970: result: ok
configure:7017: checking for sysroot
configure:7047: result: no
configure:7054: checking for a working dd
configure:7092: result: /usr/bin/dd
configure:7096: checking how to truncate binary pipes
configure:7111: result: /usr/bin/dd bs=4096 count=1
configure:7247: gcc -c -g -O2  conftest.c >&5
configure:7250: $? = 0
configure:7440: checking for mt
configure:7470: result: no
configure:7490: checking if : is a manifest tool
configure:7496: : '-?'
configure:7504: result: no
configure:8177: checking for ANSI C header files
configure:8197: gcc -c -g -O2  conftest.c >&5
configure:8197: $? = 0
configure:8270: gcc -o conftest -g -O2   conftest.c  >&5
configure:8270: $? = 0
configure:8270: ./conftest
configure:8270: $? = 0
configure:8281: result: yes
configure:8294: checking for sys/types.h
configure:8294: gcc -c -g -O2  conftest.c >&5
configure:8294: $? = 0
configure:8294: result: yes
configure:8294: checking for sys/stat.h
configure:8294: gcc -c -g -O2  conftest.c >&5
configure:8294: $? = 0
configure:8294: result: yes
configure:8294: checking for stdlib.h
configure:8294: gcc -c -g -O2  conftest.c >&5
configure:8294: $? = 0
configure:8294: result: yes
configure:8294: checking for string.h
configure:8294: gcc -c -g -O2  conftest.c >&5
configure:8294: $? = 0
configure:8294: result: yes
configure:8294: checking for memory.h
configure:8294: gcc -c -g -O2  conftest.c >&5
configure:8294: $? = 0
configure:8294: result: yes
configure:8294: checking for strings.h
configure:8294: gcc -c -g -O2  conftest.c >&5
configure:8294: $? = 0
configure:8294: result: yes
configure:8294: checking for inttypes.h
configure:8294: gcc -c -g -O2  conftest.c >&5
configure:8294: $? = 0
configure:8294: result: yes
configure:8294: checking for stdint.h
configure:8294: gcc -c -g -O2  conftest.c >&5
configure:8294: $? = 0
configure:8294: result: yes
configure:8294: checking for unistd.h
configure:8294: gcc -c -g -O2  conftest.c >&5
configure:8294: $? = 0
configure:8294: result: yes
configure:8308: checking for dlfcn.h
configure:8308: gcc -c -g -O2  conftest.c >&5
configure:8308: $? = 0
configure:8308: result: yes
configure:8545: checking for objdir
configure:8560: result: .libs
configure:8820: checking if gcc supports -fno-rtti -fno-exceptions
configure:8838: gcc -c -g -O2  -fno-rtti -fno-exceptions conftest.c >&5
cc1: warning: command line option '-fno-rtti' is valid for C++/D/ObjC++ but not for C
configure:8842: $? = 0
configure:8855: result: no
configure:9219: checking for gcc option to produce PIC
configure:9226: result: -fPIC -DPIC
configure:9234: checking if gcc PIC flag -fPIC -DPIC works
configure:9252: gcc -c -g -O2  -fPIC -DPIC -DPIC conftest.c >&5
configure:9256: $? = 0
configure:9269: result: yes
configure:9298: checking if gcc static flag -static works
configure:9326: result: yes
configure:9341: checking if gcc supports -c -o file.o
configure:9362: gcc -c -g -O2  -o out/conftest2.o conftest.c >&5
configure:9366: $? = 0
configure:9388: result: yes
configure:9396: checking if gcc supports -c -o file.o
configure:9443: result: yes
configure:9476: checking whether the gcc linker (/usr/bin/ld -m elf_x86_64) supports shared libraries
configure:10739: result: yes
configure:10776: checking whether -lc should be explicitly linked in
configure:10784: gcc -c -g -O2  conftest.c >&5
configure:10787: $? = 0
configure:10802: gcc -shared  -fPIC -DPIC conftest.o  -v -Wl,-soname -Wl,conftest -o conftest 2\>\&1 \| /usr/bin/grep  -lc  \>/dev/null 2\>\&1
configure:10805: $? = 0
configure:10819: result: no
configure:10979: checking dynamic linker characteristics
configure:11560: gcc -o conftest -g -O2   -Wl,-rpath -Wl,/foo conftest.c  >&5
configure:11560: $? = 0
configure:11809: result: GNU/Linux ld.so
configure:11931: checking how to hardcode library paths into programs
configure:11956: result: immediate
configure:12504: checking whether stripping libraries is possible
configure:12509: result: yes
configure:12544: checking if libtool supports shared libraries
configure:12546: result: yes
configure:12549: checking whether to build shared libraries
configure:12574: result: yes
configure:12577: checking whether to build static libraries
configure:12581: result: no
configure:9380: checking how to run the C++ preprocessor
configure:9407: g++ -E  conftest.cpp
configure:9407: $? = 0
configure:9421: g++ -E  conftest.cpp
conftest.cpp:23:10: fatal error: ac_nonexistent.h: No such file or directory
   23 | #include <ac_nonexistent.h>
      |          ^~~~~~~~~~~~~~~~~~
compilation terminated.
configure:9421: $? = 1
configure: failed program was:
| /* confdefs.h */
| #define PACKAGE_NAME ""
| #define PACKAGE_TARNAME ""
| #define PACKAGE_VERSION ""
| #define PACKAGE_STRING ""
| #define PACKAGE_BUGREPORT ""
| #define PACKAGE_URL ""
| #define PACKAGE "Pixie"
| #define VERSION "2.2.6"
| #define STDC_HEADERS 1
| #define HAVE_SYS_TYPES_H 1
| #define HAVE_SYS_STAT_H 1
| #define HAVE_STDLIB_H 1
| #define HAVE_STRING_H 1
| #define HAVE_MEMORY_H 1
| #define HAVE_STRINGS_H 1
| #define HAVE_INTTYPES_H 1
| #define HAVE_STDINT_H 1
| #define HAVE_UNISTD_H 1
| #define HAVE_DLFCN_H 1
| #define LT_OBJDIR ".libs/"
| /* end confdefs.h.  */
| #include <ac_nonexistent.h>
configure:9446: result: g++ -E
configure:9466: g++ -E  conftest.cpp
configure:9466: $? = 0
configure:9480: g++ -E  conftest.cpp
conftest.cpp:23:10: fatal error: ac_nonexistent.h: No such file or directory
   23 | #include <ac_nonexistent.h>
      |          ^~~~~~~~~~~~~~~~~~
compilation terminated.
configure:9480: $? = 1
configure: failed program was:
| /* confdefs.h */
| #define PACKAGE_NAME ""
| #define PACKAGE_TARNAME ""
| #define PACKAGE_VERSION ""
| #define PACKAGE_STRING ""
| #define PACKAGE_BUGREPORT ""
| #define PACKAGE_URL ""
| #define PACKAGE "Pixie"
| #define VERSION "2.2.6"
| #define STDC_HEADERS 1
| #define HAVE_SYS_TYPES_H 1
| #define HAVE_SYS_STAT_H 1
| #define HAVE_STDLIB_H 1
| #define HAVE_STRING_H 1
| #define HAVE_MEMORY_H 1
| #define HAVE_STRINGS_H 1
| #define HAVE_INTTYPES_H 1
| #define HAVE_STDINT_H 1
| #define HAVE_UNISTD_H 1
| #define HAVE_DLFCN_H 1
| #define LT_OBJDIR ".libs/"
| /* end confdefs.h.  */
| #include <ac_nonexistent.h>
configure:9642: checking for ld used by g++
configure:9709: result: /usr/bin/ld -m elf_x86_64
configure:9716: checking if the linker (/usr/bin/ld -m elf_x86_64) is GNU ld
configure:9731: result: yes
configure:9786: checking whether the g++ linker (/usr/bin/ld -m elf_x86_64) supports shared libraries
configure:10859: result: yes
configure:10895: g++ -c -g -O2  conftest.cpp >&5
configure:10898: $? = 0
configure:11379: checking for g++ option to produce PIC
configure:11386: result: -fPIC -DPIC
configure:11394: checking if g++ PIC flag -fPIC -DPIC works
configure:11412: g++ -c -g -O2  -fPIC -DPIC -DPIC conftest.cpp >&5
configure:11416: $? = 0
configure:11429: result: yes
configure:11452: checking if g++ static flag -static works
configure:11480: result: yes
configure:11492: checking if g++ supports -c -o file.o
configure:11513: g++ -c -g -O2  -o out/conftest2.o conftest.cpp >&5
configure:11517: $? = 0
configure:11539: result: yes
configure:11544: checking if g++ supports -c -o file.o
configure:11591: result: yes
configure:11621: checking whether the g++ linker (/usr/bin/ld -m elf_x86_64) supports shared libraries
configure:11664: result: yes
configure:11805: checking dynamic linker characteristics
configure:12562: result: GNU/Linux ld.so
configure:12627: checking how to hardcode library paths into programs
configure:12652: result: immediate
configure:11545: checking whether make sets $(MAKE)
configure:11567: result: yes
configure:11577: checking for dlopen in -ldl
configure:11602: gcc -o conftest -g -O2   conftest.c -ldl   >&5
configure:11602: $? = 0
configure:11611: result: yes
configure:11670: checking for sin in -lm
configure:11695: gcc -o conftest -g -O2   conftest.c -lm  -ldl  >&5
conftest.c:31:6: warning: conflicting types for built-in function 'sin'; expected 'double(double)' [-Wbuiltin-declaration-mismatch]
   31 | char sin ();
      |      ^~~
conftest.c:1:1: note: 'sin' is declared in header '<math.h>'
    1 | /* confdefs.h */
configure:11695: $? = 0
configure:11704: result: yes
configure:11717: checking for pthread_create in -lpthread
configure:11742: gcc -o conftest -g -O2   conftest.c -lpthread  -lm -ldl  >&5
configure:11742: $? = 0
configure:11751: result: yes
configure:11765: checking for acosf in -lm
configure:11790: gcc -o conftest -g -O2   conftest.c -lm  -lpthread -lm -ldl  >&5
conftest.c:33:6: warning: conflicting types for built-in function 'acosf'; expected 'float(float)' [-Wbuiltin-declaration-mismatch]
   33 | char acosf ();
      |      ^~~~~
conftest.c:1:1: note: 'acosf' is declared in header '<math.h>'
    1 | /* confdefs.h */
configure:11790: $? = 0
configure:11799: result: yes
configure:11808: checking for asinf in -lm
configure:11833: gcc -o conftest -g -O2   conftest.c -lm  -lpthread -lm -ldl  >&5
conftest.c:34:6: warning: conflicting types for built-in function 'asinf'; expected 'float(float)' [-Wbuiltin-declaration-mismatch]
   34 | char asinf ();
      |      ^~~~~
conftest.c:1:1: note: 'asinf' is declared in header '<math.h>'
    1 | /* confdefs.h */
configure:11833: $? = 0
configure:11842: result: yes
configure:11851: checking for atan2f in -lm
configure:11876: gcc -o conftest -g -O2   conftest.c -lm  -lpthread -lm -ldl  >&5
conftest.c:35:6: warning: conflicting types for built-in function 'atan2f'; expected 'float(float,  float)' [-Wbuiltin-declaration-mismatch]
   35 | char atan2f ();
      |      ^~~~~~
conftest.c:1:1: note: 'atan2f' is declared in header '<math.h>'
    1 | /* confdefs.h */
configure:11876: $? = 0
configure:11885: result: yes
configure:11894: checking for atanf in -lm
configure:11919: gcc -o conftest -g -O2   conftest.c -lm  -lpthread -lm -ldl  >&5
conftest.c:36:6: warning: conflicting types for built-in function 'atanf'; expected 'float(float)' [-Wbuiltin-declaration-mismatch]
   36 | char atanf ();
      |      ^~~~~
conftest.c:1:1: note: 'atanf' is declared in header '<math.h>'
    1 | /* confdefs.h */
configure:11919: $? = 0
configure:11928: result: yes
configure:11937: checking for cosf in -lm
configure:11962: gcc -o conftest -g -O2   conftest.c -lm  -lpthread -lm -ldl  >&5
conftest.c:37:6: warning: conflicting types for built-in function 'cosf'; expected 'float(float)' [-Wbuiltin-declaration-mismatch]
   37 | char cosf ();
      |      ^~~~
conftest.c:1:1: note: 'cosf' is declared in header '<math.h>'
    1 | /* confdefs.h */
configure:11962: $? = 0
configure:11971: result: yes
configure:11980: checking for expf in -lm
configure:12005: gcc -o conftest -g -O2   conftest.c -lm  -lpthread -lm -ldl  >&5
conftest.c:38:6: warning: conflicting types for built-in function 'expf'; expected 'float(float)' [-Wbuiltin-declaration-mismatch]
   38 | char expf ();
      |      ^~~~
conftest.c:1:1: note: 'expf' is declared in header '<math.h>'
    1 | /* confdefs.h */
configure:12005: $? = 0
configure:12014: result: yes
configure:12023: checking for fabsf in -lm
configure:12048: gcc -o conftest -g -O2   conftest.c -lm  -lpthread -lm -ldl  >&5
conftest.c:39:6: warning: conflicting types for built-in function 'fabsf'; expected 'float(float)' [-Wbuiltin-declaration-mismatch]
   39 | char fabsf ();
      |      ^~~~~
conftest.c:1:1: note: 'fabsf' is declared in header '<math.h>'
    1 | /* confdefs.h */
configure:12048: $? = 0
configure:12057: result: yes
configure:12066: checking for floorf in -lm
configure:12091: gcc -o conftest -g -O2   conftest.c -lm  -lpthread -lm -ldl  >&5
conftest.c:40:6: warning: conflicting types for built-in function 'floorf'; expected 'float(float)' [-Wbuiltin-declaration-mismatch]
   40 | char floorf ();
      |      ^~~~~~
conftest.c:1:1: note: 'floorf' is declared in header '<math.h>'
    1 | /* confdefs.h */
configure:12091: $? = 0
configure:12100: result: yes
configure:12109: checking for fmodf in -lm
configure:12134: gcc -o conftest -g -O2   conftest.c -lm  -lpthread -lm -ldl  >&5
conftest.c:41:6: warning: conflicting types for built-in function 'fmodf'; expected 'float(float,  float)' [-Wbuiltin-declaration-mismatch]
   41 | char fmodf ();
      |      ^~~~~
conftest.c:1:1: note: 'fmodf' is declared in header '<math.h>'
    1 | /* confdefs.h */
configure:12134: $? = 0
configure:12143: result: yes
configure:12152: checking for hypotf in -lm
configure:12177: gcc -o conftest -g -O2   conftest.c -lm  -lpthread -lm -ldl  >&5
conftest.c:42:6: warning: conflicting types for built-in function 'hypotf'; expected 'float(float,  float)' [-Wbuiltin-declaration-mismatch]
   42 | char hypotf ();
      |      ^~~~~~
conftest.c:1:1: note: 'hypotf' is declared in header '<math.h>'
    1 | /* confdefs.h */
configure:12177: $? = 0
configure:12186: result: yes
configure:12195: checking for logf in -lm
configure:12220: gcc -o conftest -g -O2   conftest.c -lm  -lpthread -lm -ldl  >&5
conftest.c:43:6: warning: conflicting types for built-in function 'logf'; expected 'float(float)' [-Wbuiltin-declaration-mismatch]
   43 | char logf ();
      |      ^~~~
conftest.c:1:1: note: 'logf' is declared in header '<math.h>'
    1 | /* confdefs.h */
configure:12220: $? = 0
configure:12229: result: yes
configure:12238: checking for powf in -lm
configure:12263: gcc -o conftest -g -O2   conftest.c -lm  -lpthread -lm -ldl  >&5
conftest.c:44:6: warning: conflicting types for built-in function 'powf'; expected 'float(float,  float)' [-Wbuiltin-declaration-mismatch]
   44 | char powf ();
      |      ^~~~
conftest.c:1:1: note: 'powf' is declared in header '<math.h>'
    1 | /* confdefs.h */
configure:12263: $? = 0
configure:12272: result: yes
configure:12281: checking for sinf in -lm
configure:12306: gcc -o conftest -g -O2   conftest.c -lm  -lpthread -lm -ldl  >&5
conftest.c:45:6: warning: conflicting types for built-in function 'sinf'; expected 'float(float)' [-Wbuiltin-declaration-mismatch]
   45 | char sinf ();
      |      ^~~~
conftest.c:1:1: note: 'sinf' is declared in header '<math.h>'
    1 | /* confdefs.h */
configure:12306: $? = 0
configure:12315: result: yes
configure:12324: checking for sqrtf in -lm
configure:12349: gcc -o conftest -g -O2   conftest.c -lm  -lpthread -lm -ldl  >&5
conftest.c:46:6: warning: conflicting types for built-in function 'sqrtf'; expected 'float(float)' [-Wbuiltin-declaration-mismatch]
   46 | char sqrtf ();
      |      ^~~~~
conftest.c:1:1: note: 'sqrtf' is declared in header '<math.h>'
    1 | /* confdefs.h */
configure:12349: $? = 0
configure:12358: result: yes
configure:12367: checking for tanf in -lm
configure:12392: gcc -o conftest -g -O2   conftest.c -lm  -lpthread -lm -ldl  >&5
conftest.c:47:6: warning: conflicting types for built-in function 'tanf'; expected 'float(float)' [-Wbuiltin-declaration-mismatch]
   47 | char tanf ();
      |      ^~~~
conftest.c:1:1: note: 'tanf' is declared in header '<math.h>'
    1 | /* confdefs.h */
configure:12392: $? = 0
configure:12401: result: yes
configure:12410: checking for X
configure:12518: gcc -E  conftest.c
configure:12518: $? = 0
configure:12549: gcc -o conftest -g -O2   conftest.c -lX11 -lpthread -lm -ldl  >&5
configure:12549: $? = 0
configure:12599: result: libraries , headers 
configure:12698: gcc -o conftest -g -O2   conftest.c -lpthread -lm -ldl   -lX11 >&5
configure:12698: $? = 0
configure:12796: checking for gethostbyname
configure:12796: gcc -o conftest -g -O2   conftest.c -lpthread -lm -ldl  >&5
configure:12796: $? = 0
configure:12796: result: yes
configure:12893: checking for connect
configure:12893: gcc -o conftest -g -O2   conftest.c -lpthread -lm -ldl  >&5
configure:12893: $? = 0
configure:12893: result: yes
configure:12942: checking for remove
configure:12942: gcc -o conftest -g -O2   conftest.c -lpthread -lm -ldl  >&5
configure:12942: $? = 0
configure:12942: result: yes
configure:12991: checking for shmat
configure:12991: gcc -o conftest -g -O2   conftest.c -lpthread -lm -ldl  >&5
configure:12991: $? = 0
configure:12991: result: yes
configure:13049: checking for IceConnectionNumber in -lICE
configure:13074: gcc -o conftest -g -O2   conftest.c -lICE  -lpthread -lm -ldl  >&5
configure:13074: $? = 0
configure:13083: result: yes
configure:13103: checking for XOpenDisplay in -lX11
configure:13128: gcc -o conftest -g -O2    -lX11 -lXext   conftest.c -lX11  -lpthread -lm -ldl  >&5
configure:13128: $? = 0
configure:13137: result: yes
configure:13151: checking for XShmAttach in -lXext
configure:13176: gcc -o conftest -g -O2    -lX11 -lXext   conftest.c -lXext  -lX11 -lpthread -lm -ldl  >&5
configure:13176: $? = 0
configure:13185: result: yes
configure:13219: checking for fltk-config
configure:13237: found /usr/bin/fltk-config
configure:13250: result: /usr/bin/fltk-config
configure:13285: checking for FLTK with GL support
configure:13317: g++ -o conftest -g -O2 -I/usr/include/cairo -I/usr/include/glib-2.0 -I/usr/lib/x86_64-linux-gnu/glib-2.0/include -I/usr/include/pixman-1 -I/usr/include/uuid -I/usr/include/freetype2 -I/usr/include/libpng16 -I/usr/include/freetype2 -I/usr/include/libpng16 -I/usr/include/cairo -I/usr/include/glib-2.0 -I/usr/lib/x86_64-linux-gnu/glib-2.0/include -I/usr/include/pixman-1 -I/usr/include/uuid -I/usr/include/freetype2 -I/usr/include/libpng16    /usr/lib/x86_64-linux-gnu/libfltk_gl.a -lGLU -lGL /usr/lib/x86_64-linux-gnu/libfltk.a -lXrender -lXcursor -lXfixes -lXext -lXft -lfontconfig -lXinerama -lpthread -ldl -lm  -lX11  conftest.cpp -lpthread -lm -ldl  >&5
/usr/bin/ld: cannot find -lXcursor
/usr/bin/ld: cannot find -lXfixes
/usr/bin/ld: cannot find -lXft
/usr/bin/ld: cannot find -lXinerama
collect2: error: ld returned 1 exit status
configure:13317: $? = 1
configure: failed program was:
| /* confdefs.h */
| #define PACKAGE_NAME ""
| #define PACKAGE_TARNAME ""
| #define PACKAGE_VERSION ""
| #define PACKAGE_STRING ""
| #define PACKAGE_BUGREPORT ""
| #define PACKAGE_URL ""
| #define PACKAGE "Pixie"
| #define VERSION "2.2.6"
| #define STDC_HEADERS 1
| #define HAVE_SYS_TYPES_H 1
| #define HAVE_SYS_STAT_H 1
| #define HAVE_STDLIB_H 1
| #define HAVE_STRING_H 1
| #define HAVE_MEMORY_H 1
| #define HAVE_STRINGS_H 1
| #define HAVE_INTTYPES_H 1
| #define HAVE_STDINT_H 1
| #define HAVE_UNISTD_H 1
| #define HAVE_DLFCN_H 1
| #define LT_OBJDIR ".libs/"
| #define HAVE_LIBDL 1
| #define HAVE_LIBM 1
| #define HAVE_LIBPTHREAD 1
| #define HAVE_ACOSF 1
| #define HAVE_ASINF 1
| #define HAVE_ATAN2F 1
| #define HAVE_ATANF 1
| #define HAVE_COSF 1
| #define HAVE_EXPF 1
| #define HAVE_FABSF 1
| #define HAVE_FLOORF 1
| #define HAVE_FMODF 1
| #define HAVE_HYPOTF 1
| #define HAVE_LOGF 1
| #define HAVE_POWF 1
| #define HAVE_SINF 1
| #define HAVE_SQRTF 1
| #define HAVE_TANF 1
| #define HAVE_LIBX11 1
| #define HAVE_LIBXEXT 1
| /* end confdefs.h.  */
| 
| #include <stdlib.h>
| #include <FL/Fl.H>
| #include <FL/Fl_Gl_Window.H>
| int
| main ()
| {
| 
|     Fl_Gl_Window foo ();
| 
|   ;
|   return 0;
| }
configure:13338: result: no
configure:13357: checking tiffio.h usability
configure:13357: gcc -c -g -O2  conftest.c >&5
configure:13357: $? = 0
configure:13357: result: yes
configure:13357: checking tiffio.h presence
configure:13357: gcc -E  conftest.c
configure:13357: $? = 0
configure:13357: result: yes
configure:13357: checking for tiffio.h
configure:13357: result: yes
configure:13365: checking for TIFFOpen in -ltiff
configure:13390: gcc -o conftest -g -O2   conftest.c -ltiff  -lpthread -lm -ldl  >&5
configure:13390: $? = 0
configure:13399: result: yes
configure:13420: checking png.h usability
configure:13420: gcc -c -g -O2  conftest.c >&5
configure:13420: $? = 0
configure:13420: result: yes
configure:13420: checking png.h presence
configure:13420: gcc -E  conftest.c
configure:13420: $? = 0
configure:13420: result: yes
configure:13420: checking for png.h
configure:13420: result: yes
configure:13429: checking for png_create_write_struct in -lpng
configure:13454: gcc -o conftest -g -O2   conftest.c -lpng  -lpthread -lm -ldl  >&5
configure:13454: $? = 0
configure:13463: result: yes
configure:13546: checking for OpenEXR
configure:13590: g++ -o conftest -g -O2  -I/usr/include/OpenEXR    conftest.cpp -lpthread -lm -ldl   -lIlmImf -lImath -lIex -lHalf -lz >&5
conftest.cpp: In function 'int main()':
conftest.cpp:59:9: warning: ignoring return value of 'int system(const char*)', declared with attribute warn_unused_result [-Wunused-result]
   59 |   system("touch conf.openexrtest");
      |   ~~~~~~^~~~~~~~~~~~~~~~~~~~~~~~~~
configure:13590: $? = 0
configure:13590: ./conftest
configure:13590: $? = 0
configure:13611: result: yes
configure:13693: checking for gzopen in -lz
configure:13718: gcc -o conftest -g -O2   -lz conftest.c -lz  -lpthread -lm -ldl  >&5
configure:13718: $? = 0
configure:13727: result: yes
configure:13760: checking for ANSI C header files
configure:13864: result: yes
configure:13875: checking fcntl.h usability
configure:13875: gcc -c -g -O2  conftest.c >&5
configure:13875: $? = 0
configure:13875: result: yes
configure:13875: checking fcntl.h presence
configure:13875: gcc -E  conftest.c
configure:13875: $? = 0
configure:13875: result: yes
configure:13875: checking for fcntl.h
configure:13875: result: yes
configure:13875: checking limits.h usability
configure:13875: gcc -c -g -O2  conftest.c >&5
configure:13875: $? = 0
configure:13875: result: yes
configure:13875: checking limits.h presence
configure:13875: gcc -E  conftest.c
configure:13875: $? = 0
configure:13875: result: yes
configure:13875: checking for limits.h
configure:13875: result: yes
configure:13875: checking malloc.h usability
configure:13875: gcc -c -g -O2  conftest.c >&5
configure:13875: $? = 0
configure:13875: result: yes
configure:13875: checking malloc.h presence
configure:13875: gcc -E  conftest.c
configure:13875: $? = 0
configure:13875: result: yes
configure:13875: checking for malloc.h
configure:13875: result: yes
configure:13875: checking sys/time.h usability
configure:13875: gcc -c -g -O2  conftest.c >&5
configure:13875: $? = 0
configure:13875: result: yes
configure:13875: checking sys/time.h presence
configure:13875: gcc -E  conftest.c
configure:13875: $? = 0
configure:13875: result: yes
configure:13875: checking for sys/time.h
configure:13875: result: yes
configure:13875: checking for unistd.h
configure:13875: result: yes
configure:13886: checking for an ANSI C-conforming const
configure:13952: gcc -c -g -O2  conftest.c >&5
configure:13952: $? = 0
configure:13959: result: yes
configure:13967: checking for inline
configure:13983: gcc -c -g -O2  conftest.c >&5
configure:13983: $? = 0
configure:13991: result: inline
configure:14009: checking for size_t
configure:14009: gcc -c -g -O2  conftest.c >&5
configure:14009: $? = 0
configure:14009: gcc -c -g -O2  conftest.c >&5
conftest.c: In function 'main':
conftest.c:90:21: error: expected expression before ')' token
   90 | if (sizeof ((size_t)))
      |                     ^
configure:14009: $? = 1
configure: failed program was:
| /* confdefs.h */
| #define PACKAGE_NAME ""
| #define PACKAGE_TARNAME ""
| #define PACKAGE_VERSION ""
| #define PACKAGE_STRING ""
| #define PACKAGE_BUGREPORT ""
| #define PACKAGE_URL ""
| #define PACKAGE "Pixie"
| #define VERSION "2.2.6"
| #define STDC_HEADERS 1
| #define HAVE_SYS_TYPES_H 1
| #define HAVE_SYS_STAT_H 1
| #define HAVE_STDLIB_H 1
| #define HAVE_STRING_H 1
| #define HAVE_MEMORY_H 1
| #define HAVE_STRINGS_H 1
| #define HAVE_INTTYPES_H 1
| #define HAVE_STDINT_H 1
| #define HAVE_UNISTD_H 1
| #define HAVE_DLFCN_H 1
| #define LT_OBJDIR ".libs/"
| #define HAVE_LIBDL 1
| #define HAVE_LIBM 1
| #define HAVE_LIBPTHREAD 1
| #define HAVE_ACOSF 1
| #define HAVE_ASINF 1
| #define HAVE_ATAN2F 1
| #define HAVE_ATANF 1
| #define HAVE_COSF 1
| #define HAVE_EXPF 1
| #define HAVE_FABSF 1
| #define HAVE_FLOORF 1
| #define HAVE_FMODF 1
| #define HAVE_HYPOTF 1
| #define HAVE_LOGF 1
| #define HAVE_POWF 1
| #define HAVE_SINF 1
| #define HAVE_SQRTF 1
| #define HAVE_TANF 1
| #define HAVE_LIBX11 1
| #define HAVE_LIBXEXT 1
| #define HAVE_LIBTIFF 1
| #define HAVE_LIBPNG 1
| #define HAVE_LIBPNG 1
| #define HAVE_LIBZ 1
| #define HAVE_ZLIB 1
| #define STDC_HEADERS 1
| #define HAVE_FCNTL_H 1
| #define HAVE_LIMITS_H 1
| #define HAVE_MALLOC_H 1
| #define HAVE_SYS_TIME_H 1
| #define HAVE_UNISTD_H 1
| /* end confdefs.h.  */
| #include <stdio.h>
| #ifdef HAVE_SYS_TYPES_H
| # include <sys/types.h>
| #endif
| #ifdef HAVE_SYS_STAT_H
| # include <sys/stat.h>
| #endif
| #ifdef STDC_HEADERS
| # include <stdlib.h>
| # include <stddef.h>
| #else
| # ifdef HAVE_STDLIB_H
| #  include <stdlib.h>
| # endif
| #endif
| #ifdef HAVE_STRING_H
| # if !defined STDC_HEADERS && defined HAVE_MEMORY_H
| #  include <memory.h>
| # endif
| # include <string.h>
| #endif
| #ifdef HAVE_STRINGS_H
| # include <strings.h>
| #endif
| #ifdef HAVE_INTTYPES_H
| # include <inttypes.h>
| #endif
| #ifdef HAVE_STDINT_H
| # include <stdint.h>
| #endif
| #ifdef HAVE_UNISTD_H
| # include <unistd.h>
| #endif
| int
| main ()
| {
| if (sizeof ((size_t)))
| 	    return 0;
|   ;
|   return 0;
| }
configure:14009: result: yes
configure:14020: checking whether time.h and sys/time.h may both be included
configure:14040: gcc -c -g -O2  conftest.c >&5
configure:14040: $? = 0
configure:14047: result: yes
configure:14058: checking for working alloca.h
configure:14075: gcc -o conftest -g -O2   conftest.c -lpthread -lm -ldl  >&5
configure:14075: $? = 0
configure:14083: result: yes
configure:14091: checking for alloca
configure:14128: gcc -o conftest -g -O2   conftest.c -lpthread -lm -ldl  >&5
configure:14128: $? = 0
configure:14136: result: yes
configure:14244: checking for vprintf
configure:14244: gcc -o conftest -g -O2   conftest.c -lpthread -lm -ldl  >&5
conftest.c:80:6: warning: conflicting types for built-in function 'vprintf'; expected 'int(const char *, __va_list_tag *)' [-Wbuiltin-declaration-mismatch]
   80 | char vprintf ();
      |      ^~~~~~~
conftest.c:68:1: note: 'vprintf' is declared in header '<stdio.h>'
   67 | # include <limits.h>
   68 | #else
configure:14244: $? = 0
configure:14244: result: yes
configure:14250: checking for _doprnt
configure:14250: gcc -o conftest -g -O2   conftest.c -lpthread -lm -ldl  >&5
/usr/bin/ld: /tmp/ccRsw9ce.o: in function `main':
/workspace/pixie/conftest.c:92: undefined reference to `_doprnt'
collect2: error: ld returned 1 exit status
configure:14250: $? = 1
configure: failed program was:
| /* confdefs.h */
| #define PACKAGE_NAME ""
| #define PACKAGE_TARNAME ""
| #define PACKAGE_VERSION ""
| #define PACKAGE_STRING ""
| #define PACKAGE_BUGREPORT ""
| #define PACKAGE_URL ""
| #define PACKAGE "Pixie"
| #define VERSION "2.2.6"
| #define STDC_HEADERS 1
| #define HAVE_SYS_TYPES_H 1
| #define HAVE_SYS_STAT_H 1
| #define HAVE_STDLIB_H 1
| #define HAVE_STRING_H 1
| #define HAVE_MEMORY_H 1
| #define HAVE_STRINGS_H 1
| #define HAVE_INTTYPES_H 1
| #define HAVE_STDINT_H 1
| #define HAVE_UNISTD_H 1
| #define HAVE_DLFCN_H 1
| #define LT_OBJDIR ".libs/"
| #define HAVE_LIBDL 1
| #define HAVE_LIBM 1
| #define HAVE_LIBPTHREAD 1
| #define HAVE_ACOSF 1
| #define HAVE_ASINF 1
| #define HAVE_ATAN2F 1
| #define HAVE_ATANF 1
| #define HAVE_COSF 1
| #define HAVE_EXPF 1
| #define HAVE_FABSF 1
| #define HAVE_FLOORF 1
| #define HAVE_FMODF 1
| #define HAVE_HYPOTF 1
| #define HAVE_LOGF 1
| #define HAVE_POWF 1
| #define HAVE_SINF 1
| #define HAVE_SQRTF 1
| #define HAVE_TANF 1
| #define HAVE_LIBX11 1
| #define HAVE_LIBXEXT 1
| #define HAVE_LIBTIFF 1
| #define HAVE_LIBPNG 1
| #define HAVE_LIBPNG 1
| #define HAVE_LIBZ 1
| #define HAVE_ZLIB 1
| #define STDC_HEADERS 1
| #define HAVE_FCNTL_H 1
| #define HAVE_LIMITS_H 1
| #define HAVE_MALLOC_H 1
| #define HAVE_SYS_TIME_H 1
| #define HAVE_UNISTD_H 1
| #define TIME_WITH_SYS_TIME 1
| #define HAVE_ALLOCA_H 1
| #define HAVE_ALLOCA 1
| #define HAVE_VPRINTF 1
| /* end confdefs.h.  */
| /* Define _doprnt to an innocuous variant, in case <limits.h> declares _doprnt.
|    For example, HP-UX 11i <limits.h> declares gettimeofday.  */
| #define _doprnt innocuous__doprnt
| 
| /* System header to define __stub macros and hopefully few prototypes,
|     which can conflict with char _doprnt (); below.
|     Prefer <limits.h> to <assert.h> if __STDC__ is defined, since
|     <limits.h> exists even on freestanding compilers.  */
| 
| #ifdef __STDC__
| # include <limits.h>
| #else
| # include <assert.h>
| #endif
| 
| #undef _doprnt
| 
| /* Override any GCC internal prototype to avoid an error.
|    Use char because int might match the return type of a GCC
|    builtin and then its argument prototype would still apply.  */
| #ifdef __cplusplus
| extern "C"
| #endif
| char _doprnt ();
| /* The GNU C library defines this for functions which it implements
|     to always fail with ENOSYS.  Some functions are actually named
|     something starting with __ and the normal name is an alias.  */
| #if defined __stub__doprnt || defined __stub____doprnt
| choke me
| #endif
| 
| int
| main ()
| {
| return _doprnt ();
|   ;
|   return 0;
| }
configure:14250: result: no
configure:14264: checking for gethostname
configure:14264: gcc -o conftest -g -O2   conftest.c -lpthread -lm -ldl  >&5
configure:14264: $? = 0
configure:14264: result: yes
configure:14264: checking for gettimeofday
configure:14264: gcc -o conftest -g -O2   conftest.c -lpthread -lm -ldl  >&5
configure:14264: $? = 0
configure:14264: result: yes
configure:14264: checking for mkdir
configure:14264: gcc -o conftest -g -O2   conftest.c -lpthread -lm -ldl  >&5
configure:14264: $? = 0
configure:14264: result: yes
configure:14264: checking for rmdir
configure:14264: gcc -o conftest -g -O2   conftest.c -lpthread -lm -ldl  >&5
configure:14264: $? = 0
configure:14264: result: yes
configure:14264: checking for socket
configure:14264: gcc -o conftest -g -O2   conftest.c -lpthread -lm -ldl  >&5
configure:14264: $? = 0
configure:14264: result: yes
configure:14264: checking for strdup
configure:14264: gcc -o conftest -g -O2   conftest.c -lpthread -lm -ldl  >&5
conftest.c:86:6: warning: conflicting types for built-in function 'strdup'; expected 'char *(const char *)' [-Wbuiltin-declaration-mismatch]
   86 | char strdup ();
      |      ^~~~~~
configure:14264: $? = 0
configure:14264: result: yes
configure:14264: checking for strstr
configure:14264: gcc -o conftest -g -O2   conftest.c -lpthread -lm -ldl  >&5
conftest.c:87:6: warning: conflicting types for built-in function 'strstr'; expected 'char *(const char *, const char *)' [-Wbuiltin-declaration-mismatch]
   87 | char strstr ();
      |      ^~~~~~
conftest.c:75:1: note: 'strstr' is declared in header '<string.h>'
   74 | # include <limits.h>
   75 | #else
configure:14264: $? = 0
configure:14264: result: yes
configure:14264: checking for strtod
configure:14264: gcc -o conftest -g -O2   conftest.c -lpthread -lm -ldl  >&5
configure:14264: $? = 0
configure:14264: result: yes
configure:14264: checking for strtol
configure:14264: gcc -o conftest -g -O2   conftest.c -lpthread -lm -ldl  >&5
configure:14264: $? = 0
configure:14264: result: yes
configure:14264: checking for random
configure:14264: gcc -o conftest -g -O2   conftest.c -lpthread -lm -ldl  >&5
configure:14264: $? = 0
configure:14264: result: yes
configure:14278: checking for flex
configure:14296: found /usr/bin/flex
configure:14309: result: /usr/bin/flex
configure:14332: checking for bison
configure:14350: found /usr/bin/bison
configure:14363: result: /usr/bin/bison
configure:14385: checking for Mac OS X Carbon support
configure:14394: gcc -E  conftest.c
conftest.c:69:10: fatal error: Carbon/Carbon.h: No such file or directory
   69 | #include <Carbon/Carbon.h>
      |          ^~~~~~~~~~~~~~~~~
compilation terminated.
configure:14394: $? = 1
configure: failed program was:
| /* confdefs.h */
| #define PACKAGE_NAME ""
| #define PACKAGE_TARNAME ""
| #define PACKAGE_VERSION ""
| #define PACKAGE_STRING ""
| #define PACKAGE_BUGREPORT ""
| #define PACKAGE_URL ""
| #define PACKAGE "Pixie"
| #define VERSION "2.2.6"
| #define STDC_HEADERS 1
| #define HAVE_SYS_TYPES_H 1
| #define HAVE_SYS_STAT_H 1
| #define HAVE_STDLIB_H 1
| #define HAVE_STRING_H 1
| #define HAVE_MEMORY_H 1
| #define HAVE_STRINGS_H 1
| #define HAVE_INTTYPES_H 1
| #define HAVE_STDINT_H 1
| #define HAVE_UNISTD_H 1
| #define HAVE_DLFCN_H 1
| #define LT_OBJDIR ".libs/"
| #define HAVE_LIBDL 1
| #define HAVE_LIBM 1
| #define HAVE_LIBPTHREAD 1
| #define HAVE_ACOSF 1
| #define HAVE_ASINF 1
| #define HAVE_ATAN2F 1
| #define HAVE_ATANF 1
| #define HAVE_COSF 1
| #define HAVE_EXPF 1
| #define HAVE_FABSF 1
| #define HAVE_FLOORF 1
| #define HAVE_FMODF 1
| #define HAVE_HYPOTF 1
| #define HAVE_LOGF 1
| #define HAVE_POWF 1
| #define HAVE_SINF 1
| #define HAVE_SQRTF 1
| #define HAVE_TANF 1
| #define HAVE_LIBX11 1
| #define HAVE_LIBXEXT 1
| #define HAVE_LIBTIFF 1
| #define HAVE_LIBPNG 1
| #define HAVE_LIBPNG 1
| #define HAVE_LIBZ 1
| #define HAVE_ZLIB 1
| #define STDC_HEADERS 1
| #define HAVE_FCNTL_H 1
| #define HAVE_LIMITS_H 1
| #define HAVE_MALLOC_H 1
| #define HAVE_SYS_TIME_H 1
| #define HAVE_UNISTD_H 1
| #define TIME_WITH_SYS_TIME 1
| #define HAVE_ALLOCA_H 1
| #define HAVE_ALLOCA 1
| #define HAVE_VPRINTF 1
| #define HAVE_GETHOSTNAME 1
| #define HAVE_GETTIMEOFDAY 1
| #define HAVE_MKDIR 1
| #define HAVE_RMDIR 1
| #define HAVE_SOCKET 1
| #define HAVE_STRDUP 1
| #define HAVE_STRSTR 1
| #define HAVE_STRTOD 1
| #define HAVE_STRTOL 1
| #define HAVE_RANDOM 1
| /* end confdefs.h.  */
| 
| #include <Carbon/Carbon.h>
| #include <CoreServices/CoreServices.h>
| 
configure:14398: result: no
configure:14742: checking that generated files are newer than configure
configure:14748: result: done
configure:14795: creating ./config.status

## ---------------------- ##
## Running config.status. ##
## ---------------------- ##

This file was extended by config.status, which was
generated by GNU Autoconf 2.69.  Invocation command line was

  CONFIG_FILES    = 
  CONFIG_HEADERS  = 
  CONFIG_LINKS    = 
  CONFIG_COMMANDS = 
  $ ./config.status 

on ws-5c2dd950-f456-4202-8492-129f498a665b

config.status:1253: creating Makefile
config.status:1253: creating doc/Makefile
config.status:1253: creating src/Makefile
config.status:1253: creating src/common/Makefile
config.status:1253: creating src/file/Makefile
config.status:1253: creating src/framebuffer/Makefile
config.status:1253: creating src/openexr/Makefile
config.status:1253: creating src/gui/Makefile
config.status:1253: creating src/precomp/Makefile
config.status:1253: creating src/rgbe/Makefile
config.status:1253: creating src/sdr/Makefile
config.status:1253: creating src/sdrc/Makefile
config.status:1253: creating src/ri/Makefile
config.status:1253: creating src/rndr/Makefile
config.status:1253: creating src/texmake/Makefile
config.status:1253: creating src/sdrinfo/Makefile
config.status:1253: creating src/show/Makefile
config.status:1253: creating config.h
config.status:1434: config.h is unchanged
config.status:1482: executing depfiles commands
config.status:1559: cd src/common       && sed -e '/# am--include-marker/d' Makefile         | make -f - am--depfiles
make: Nothing to be done for 'am--depfiles'.
config.status:1564: $? = 0
config.status:1559: cd src/file       && sed -e '/# am--include-marker/d' Makefile         | make -f - am--depfiles
make: Nothing to be done for 'am--depfiles'.
config.status:1564: $? = 0
config.status:1559: cd src/framebuffer       && sed -e '/# am--include-marker/d' Makefile         | make -f - am--depfiles
make: Nothing to be done for 'am--depfiles'.
config.status:1564: $? = 0
config.status:1559: cd src/openexr       && sed -e '/# am--include-marker/d' Makefile         | make -f - am--depfiles
make: Nothing to be done for 'am--depfiles'.
config.status:1564: $? = 0
config.status:1559: cd src/gui       && sed -e '/# am--include-marker/d' Makefile         | make -f - am--depfiles
make: Nothing to be done for 'am--depfiles'.
config.status:1564: $? = 0
config.status:1559: cd src/precomp       && sed -e '/# am--include-marker/d' Makefile         | make -f - am--depfiles
make: Nothing to be done for 'am--depfiles'.
config.status:1564: $? = 0
config.status:1559: cd src/rgbe       && sed -e '/# am--include-marker/d' Makefile         | make -f - am--depfiles
make: Nothing to be done for 'am--depfiles'.
config.status:1564: $? = 0
config.status:1559: cd src/sdr       && sed -e '/# am--include-marker/d' Makefile         | make -f - am--depfiles
make: Nothing to be done for 'am--depfiles'.
config.status:1564: $? = 0
config.status:1559: cd src/sdrc       && sed -e '/# am--include-marker/d' Makefile         | make -f - am--depfiles
make: Nothing to be done for 'am--depfiles'.
config.status:1564: $? = 0
config.status:1559: cd src/ri       && sed -e '/# am--include-marker/d' Makefile         | make -f - am--depfiles
make: Nothing to be done for 'am--depfiles'.
config.status:1564: $? = 0
config.status:1559: cd src/rndr       && sed -e '/# am--include-marker/d' Makefile         | make -f - am--depfiles
make: Nothing to be done for 'am--depfiles'.
config.status:1564: $? = 0
config.status:1559: cd src/texmake       && sed -e '/# am--include-marker/d' Makefile         | make -f - am--depfiles
make: Nothing to be done for 'am--depfiles'.
config.status:1564: $? = 0
config.status:1559: cd src/sdrinfo       && sed -e '/# am--include-marker/d' Makefile         | make -f - am--depfiles
make: Nothing to be done for 'am--depfiles'.
config.status:1564: $? = 0
config.status:1559: cd src/show       && sed -e '/# am--include-marker/d' Makefile         | make -f - am--depfiles
make: Nothing to be done for 'am--depfiles'.
config.status:1564: $? = 0
config.status:1482: executing libtool commands

## ---------------- ##
## Cache variables. ##
## ---------------- ##

ac_cv_build=x86_64-pc-linux-gnu
ac_cv_c_compiler_gnu=yes
ac_cv_c_const=yes
ac_cv_c_inline=inline
ac_cv_cxx_compiler_gnu=yes
ac_cv_env_CCC_set=
ac_cv_env_CCC_value=
ac_cv_env_CC_set=
ac_cv_env_CC_value=
ac_cv_env_CFLAGS_set=
ac_cv_env_CFLAGS_value=
ac_cv_env_CPPFLAGS_set=
ac_cv_env_CPPFLAGS_value=
ac_cv_env_CPP_set=
ac_cv_env_CPP_value=
ac_cv_env_CXXCPP_set=
ac_cv_env_CXXCPP_value=
ac_cv_env_CXXFLAGS_set=
ac_cv_env_CXXFLAGS_value=
ac_cv_env_CXX_set=
ac_cv_env_CXX_value=
ac_cv_env_FLTK_CONFIG_set=
ac_cv_env_FLTK_CONFIG_value=
ac_cv_env_LDFLAGS_set=
ac_cv_env_LDFLAGS_value=
ac_cv_env_LIBS_set=
ac_cv_env_LIBS_value=
ac_cv_env_LT_SYS_LIBRARY_PATH_set=
ac_cv_env_LT_SYS_LIBRARY_PATH_value=
ac_cv_env_XMKMF_set=
ac_cv_env_XMKMF_value=
ac_cv_env_build_alias_set=
ac_cv_env_build_alias_value=
ac_cv_env_host_alias_set=
ac_cv_env_host_alias_value=
ac_cv_env_target_alias_set=
ac_cv_env_target_alias_value=
ac_cv_func__doprnt=no
ac_cv_func_alloca_works=yes
ac_cv_func_connect=yes
ac_cv_func_gethostbyname=yes
ac_cv_func_gethostname=yes
ac_cv_func_gettimeofday=yes
ac_cv_func_mkdir=yes
ac_cv_func_random=yes
ac_cv_func_remove=yes
ac_cv_func_rmdir=yes
ac_cv_func_shmat=yes
ac_cv_func_socket=yes
ac_cv_func_strdup=yes
ac_cv_func_strstr=yes
ac_cv_func_strtod=yes
ac_cv_func_strtol=yes
ac_cv_func_vprintf=yes
ac_cv_have_x='have_x=yes	ac_x_includes='\'''\''	ac_x_libraries='\'''\'''
ac_cv_header_dlfcn_h=yes
ac_cv_header_fcntl_h=yes
ac_cv_header_inttypes_h=yes
ac_cv_header_limits_h=yes
ac_cv_header_malloc_h=yes
ac_cv_header_memory_h=yes
ac_cv_header_png_h=yes
ac_cv_header_stdc=yes
ac_cv_header_stdint_h=yes
ac_cv_header_stdlib_h=yes
ac_cv_header_string_h=yes
ac_cv_header_strings_h=yes
ac_cv_header_sys_stat_h=yes
ac_cv_header_sys_time_h=yes
ac_cv_header_sys_types_h=yes
ac_cv_header_tiffio_h=yes
ac_cv_header_time=yes
ac_cv_header_unistd_h=yes
ac_cv_host=x86_64-pc-linux-gnu
ac_cv_lib_ICE_IceConnectionNumber=yes
ac_cv_lib_X11_XOpenDisplay=yes
ac_cv_lib_Xext_XShmAttach=yes
ac_cv_lib_dl_dlopen=yes
ac_cv_lib_m_acosf=yes
ac_cv_lib_m_asinf=yes
ac_cv_lib_m_atan2f=yes
ac_cv_lib_m_atanf=yes
ac_cv_lib_m_cosf=yes
ac_cv_lib_m_expf=yes
ac_cv_lib_m_fabsf=yes
ac_cv_lib_m_floorf=yes
ac_cv_lib_m_fmodf=yes
ac_cv_lib_m_hypotf=yes
ac_cv_lib_m_logf=yes
ac_cv_lib_m_powf=yes
ac_cv_lib_m_sin=yes
ac_cv_lib_m_sinf=yes
ac_cv_lib_m_sqrtf=yes
ac_cv_lib_m_tanf=yes
ac_cv_lib_png_png_create_write_struct=yes
ac_cv_lib_pthread_pthread_create=yes
ac_cv_lib_tiff_TIFFOpen=yes
ac_cv_lib_z_gzopen=yes
ac_cv_objext=o
ac_cv_path_BISON=/usr/bin/bison
ac_cv_path_EGREP='/usr/bin/grep -E'
ac_cv_path_FGREP='/usr/bin/grep -F'
ac_cv_path_FLEX=/usr/bin/flex
ac_cv_path_FLTK_CONFIG=/usr/bin/fltk-config
ac_cv_path_GREP=/usr/bin/grep
ac_cv_path_SED=/usr/bin/sed
ac_cv_path_install='/usr/bin/install -c'
ac_cv_path_lt_DD=/usr/bin/dd
ac_cv_path_mkdir=/usr/bin/mkdir
ac_cv_prog_AWK=gawk
ac_cv_prog_CPP='gcc -E'
ac_cv_prog_CXXCPP='g++ -E'
ac_cv_prog_ac_ct_AR=ar
ac_cv_prog_ac_ct_CC=gcc
ac_cv_prog_ac_ct_CXX=g++
ac_cv_prog_ac_ct_OBJDUMP=objdump
ac_cv_prog_ac_ct_RANLIB=ranlib
ac_cv_prog_ac_ct_STRIP=strip
ac_cv_prog_cc_c89=
ac_cv_prog_cc_g=yes
ac_cv_prog_cxx_g=yes
ac_cv_prog_make_make_set=yes
ac_cv_type_size_t=yes
ac_cv_working_alloca_h=yes
am_cv_CC_dependencies_compiler_type=gcc3
am_cv_CXX_dependencies_compiler_type=gcc3
am_cv_make_support_nested_variables=yes
am_cv_prog_cc_c_o=yes
lt_cv_ar_at_file=@
lt_cv_archive_cmds_need_lc=no
lt_cv_deplibs_check_method=pass_all
lt_cv_file_magic_cmd='$MAGIC_CMD'
lt_cv_file_magic_test_file=
lt_cv_ld_reload_flag=-r
lt_cv_nm_interface='BSD nm'
lt_cv_objdir=.libs
lt_cv_path_LD=/usr/bin/ld
lt_cv_path_LDCXX='/usr/bin/ld -m elf_x86_64'
lt_cv_path_NM='/usr/bin/nm -B'
lt_cv_path_mainfest_tool=no
lt_cv_prog_compiler_c_o=yes
lt_cv_prog_compiler_c_o_CXX=yes
lt_cv_prog_compiler_pic='-fPIC -DPIC'
lt_cv_prog_compiler_pic_CXX='-fPIC -DPIC'
lt_cv_prog_compiler_pic_works=yes
lt_cv_prog_compiler_pic_works_CXX=yes
lt_cv_prog_compiler_rtti_exceptions=no
lt_cv_prog_compiler_static_works=yes
lt_cv_prog_compiler_static_works_CXX=yes
lt_cv_prog_gnu_ld=yes
lt_cv_prog_gnu_ldcxx=yes
lt_cv_sharedlib_from_linklib_cmd='printf %s\n'
lt_cv_shlibpath_overrides_runpath=yes
lt_cv_sys_global_symbol_pipe='sed -n -e '\''s/^.*[	 ]\([ABCDGIRSTW][ABCDGIRSTW]*\)[	 ][	 ]*\([_A-Za-z][_A-Za-z0-9]*\)$/\1 \2 \2/p'\'' | sed '\''/ __gnu_lto/d'\'''
lt_cv_sys_global_symbol_to_c_name_address='sed -n -e '\''s/^: \(.*\) .*$/  {"\1", (void *) 0},/p'\'' -e '\''s/^[ABCDGIRSTW][ABCDGIRSTW]* .* \(.*\)$/  {"\1", (void *) \&\1},/p'\'''
lt_cv_sys_global_symbol_to_c_name_address_lib_prefix='sed -n -e '\''s/^: \(.*\) .*$/  {"\1", (void *) 0},/p'\'' -e '\''s/^[ABCDGIRSTW][ABCDGIRSTW]* .* \(lib.*\)$/  {"\1", (void *) \&\1},/p'\'' -e '\''s/^[ABCDGIRSTW][ABCDGIRSTW]* .* \(.*\)$/  {"lib\1", (void *) \&\1},/p'\'''
lt_cv_sys_global_symbol_to_cdecl='sed -n -e '\''s/^T .* \(.*\)$/extern int \1();/p'\'' -e '\''s/^[ABCDGIRSTW][ABCDGIRSTW]* .* \(.*\)$/extern char \1;/p'\'''
lt_cv_sys_global_symbol_to_import=
lt_cv_sys_max_cmd_len=1572864
lt_cv_to_host_file_cmd=func_convert_file_noop
lt_cv_to_tool_file_cmd=func_convert_file_noop
lt_cv_truncate_bin='/usr/bin/dd bs=4096 count=1'

## ----------------- ##
## Output variables. ##
## ----------------- ##

ACLOCAL='${SHELL} /workspace/pixie/missing aclocal-1.16'
ALLOCA=''
AMDEPBACKSLASH='\'
AMDEP_FALSE='#'
AMDEP_TRUE=''
AMTAR='$${TAR-tar}'
AM_BACKSLASH='\'
AM_DEFAULT_V='$(AM_DEFAULT_VERBOSITY)'
AM_DEFAULT_VERBOSITY='1'
AM_V='$(V)'
AR='ar'
AUTOCONF='${SHELL} /workspace/pixie/missing autoconf'
AUTOHEADER='${SHELL} /workspace/pixie/missing autoheader'
AUTOMAKE='${SHELL} /workspace/pixie/missing automake-1.16'
AWK='gawk'
BISON='/usr/bin/bison'
BUILD_FRAMEBUFFER_FALSE='#'
BUILD_FRAMEBUFFER_TRUE=''
BUILD_OPENEXR_FALSE='#'
BUILD_OPENEXR_TRUE=''
BUILD_SHOW=''
BUILD_SHOW_FALSE=''
BUILD_SHOW_TRUE='#'
CC='gcc'
CCDEPMODE='depmode=gcc3'
CFLAGS='-g -O2'
CPP='gcc -E'
CPPFLAGS=''
CXX='g++'
CXXCPP='g++ -E'
CXXDEPMODE='depmode=gcc3'
CXXFLAGS='-g -O2'
CYGPATH_W='echo'
DEFS='-DHAVE_CONFIG_H'
DEPDIR='.deps'
DLLTOOL='false'
DSYMUTIL=''
DUMPBIN=''
ECHO_C=''
ECHO_N='-n'
ECHO_T=''
EGREP='/usr/bin/grep -E'
EXEEXT=''
FGREP='/usr/bin/grep -F'
FLEX='/usr/bin/flex'
FLTK_CONFIG='/usr/bin/fltk-config'
FLTK_CXXFLAGS=''
FLTK_LDFLAGS=''
GREP='/usr/bin/grep'
HAVE_BISON_FALSE='#'
HAVE_BISON_TRUE=''
HAVE_FLEX_FALSE='#'
HAVE_FLEX_TRUE=''
INSTALL_DATA='${INSTALL} -m 644'
INSTALL_PROGRAM='${INSTALL}'
INSTALL_SCRIPT='${INSTALL}'
INSTALL_STRIP_PROGRAM='$(install_sh) -c -s'
LD='/usr/bin/ld -m elf_x86_64'
LDFLAGS=''
LIBOBJS=''
LIBS='-lpthread -lm -ldl '
LIBTOOL='$(SHELL) $(top_builddir)/libtool'
LIPO=''
LN_S='ln -s'
LTLIBOBJS=''
LT_SYS_LIBRARY_PATH=''
MAKEINFO='${SHELL} /workspace/pixie/missing makeinfo'
MANIFEST_TOOL=':'
MKDIR_P='/usr/bin/mkdir -p'
NM='/usr/bin/nm -B'
NMEDIT=''
OBJDUMP='objdump'
OBJEXT='o'
OPENEXR_INCLUDES='-I/usr/include/OpenEXR'
OPENEXR_LDFLAGS=''
OPENEXR_LIBS=' -lIlmImf -lImath -lIex -lHalf -lz'
OTOOL64=''
OTOOL=''
PACKAGE='Pixie'
PACKAGE_BUGREPORT=''
PACKAGE_NAME=''
PACKAGE_STRING=''
PACKAGE_TARNAME=''
PACKAGE_URL=''
PACKAGE_VERSION=''
PATH_SEPARATOR=':'
PIXIE_DISPLAYS='/opt/pixie/displays'
PIXIE_DOCS='/opt/pixie/doc'
PIXIE_MODULES='/opt/pixie/modules'
PIXIE_PROCEDURALS='/opt/pixie/procedurals'
PIXIE_RIBS='/opt/pixie/ribs'
PIXIE_SHADERS='/opt/pixie/shaders'
PIXIE_TEXTURES='/opt/pixie/textures'
PNG_LIBS='-lpng -lpthread -lm -ldl '
RANLIB='ranlib'
SED='/usr/bin/sed'
SET_MAKE=''
SHELL='/bin/bash'
STRIP='strip'
TIFF_LIBS='-ltiff -lpthread -lm -ldl '
VERSION='2.2.6'
XMKMF=''
X_CFLAGS=''
X_EXTRA_LIBS=''
X_LDFLAGS=' -lX11 -lXext'
X_LIBS=''
X_PRE_LIBS=' -lSM -lICE'
ZLIB_LIBS='-lz'
ac_ct_AR='ar'
ac_ct_CC='gcc'
ac_ct_CXX='g++'
ac_ct_DUMPBIN=''
am__EXEEXT_FALSE=''
am__EXEEXT_TRUE='#'
am__fastdepCC_FALSE='#'
am__fastdepCC_TRUE=''
am__fastdepCXX_FALSE='#'
am__fastdepCXX_TRUE=''
am__include='include'
am__isrc=''
am__leading_dot='.'
am__nodep='_no'
am__quote=''
am__tar='$${TAR-tar} chof - "$$tardir"'
am__untar='$${TAR-tar} xf -'
bindir='${exec_prefix}/bin'
build='x86_64-pc-linux-gnu'
build_alias=''
build_cpu='x86_64'
build_os='linux-gnu'
build_vendor='pc'
datadir='${datarootdir}'
datarootdir='${prefix}/share'
displaysdir='/opt/pixie/displays'
docdir='/opt/pixie/doc'
dvidir='${docdir}'
exec_prefix='${prefix}'
host='x86_64-pc-linux-gnu'
host_alias=''
host_cpu='x86_64'
host_os='linux-gnu'
host_vendor='pc'
htmldir='${docdir}'
includedir='${prefix}/include'
infodir='${datarootdir}/info'
install_sh='${SHELL} /workspace/pixie/install-sh'
libdir='${exec_prefix}/lib'
libexecdir='${exec_prefix}/libexec'
localedir='${datarootdir}/locale'
localstatedir='${prefix}/var'
mandir='${datarootdir}/man'
mkdir_p='$(MKDIR_P)'
modulesdir='/opt/pixie/modules'
oldincludedir='/usr/include'
pdfdir='${docdir}'
prefix='/opt/pixie'
proceduraldir='/opt/pixie/procedurals'
program_transform_name='s,x,x,'
psdir='${docdir}'
ribdir='/opt/pixie/ribs'
runstatedir='${localstatedir}/run'
sbindir='${exec_prefix}/sbin'
shaderdir='/opt/pixie/shaders'
sharedstatedir='${prefix}/com'
sysconfdir='${prefix}/etc'
target_alias=''
texturedir='/opt/pixie/textures'

## ----------- ##
## confdefs.h. ##
## ----------- ##

/* confdefs.h */
#define PACKAGE_NAME ""
#define PACKAGE_TARNAME ""
#define PACKAGE_VERSION ""
#define PACKAGE_STRING ""
#define PACKAGE_BUGREPORT ""
#define PACKAGE_URL ""
#define PACKAGE "Pixie"
#define VERSION "2.2.6"
#define STDC_HEADERS 1
#define HAVE_SYS_TYPES_H 1
#define HAVE_SYS_STAT_H 1
#define HAVE_STDLIB_H 1
#define HAVE_STRING_H 1
#define HAVE_MEMORY_H 1
#define HAVE_STRINGS_H 1
#define HAVE_INTTYPES_H 1
#define HAVE_STDINT_H 1
#define HAVE_UNISTD_H 1
#define HAVE_DLFCN_H 1
#define LT_OBJDIR ".libs/"
#define HAVE_LIBDL 1
#define HAVE_LIBM 1
#define HAVE_LIBPTHREAD 1
#define HAVE_ACOSF 1
#define HAVE_ASINF 1
#define HAVE_ATAN2F 1
#define HAVE_ATANF 1
#define HAVE_COSF 1
#define HAVE_EXPF 1
#define HAVE_FABSF 1
#define HAVE_FLOORF 1
#define HAVE_FMODF 1
#define HAVE_HYPOTF 1
#define HAVE_LOGF 1
#define HAVE_POWF 1
#define HAVE_SINF 1
#define HAVE_SQRTF 1
#define HAVE_TANF 1
#define HAVE_LIBX11 1
#define HAVE_LIBXEXT 1
#define HAVE_LIBTIFF 1
#define HAVE_LIBPNG 1
#define HAVE_LIBPNG 1
#define HAVE_LIBZ 1
#define HAVE_ZLIB 1
#define STDC_HEADERS 1
#define HAVE_FCNTL_H 1
#define HAVE_LIMITS_H 1
#define HAVE_MALLOC_H 1
#define HAVE_SYS_TIME_H 1
#define HAVE_UNISTD_H 1
#define TIME_WITH_SYS_TIME 1
#define HAVE_ALLOCA_H 1
#define HAVE_ALLOCA 1
#define HAVE_VPRINTF 1
#define HAVE_GETHOSTNAME 1
#define HAVE_GETTIMEOFDAY 1
#define HAVE_MKDIR 1
#define HAVE_RMDIR 1
#define HAVE_SOCKET 1
#define HAVE_STRDUP 1
#define HAVE_STRSTR 1
#define HAVE_STRTOD 1
#define HAVE_STRTOL 1
#define HAVE_RANDOM 1
#define PIXIE_DOCS "/opt/pixie/doc"
#define PIXIE_SHADERS "/opt/pixie/shaders"
#define PIXIE_RIBS "/opt/pixie/ribs"
#define PIXIE_TEXTURES "/opt/pixie/textures"
#define PIXIE_DISPLAYS "/opt/pixie/displays"
#define PIXIE_PROCEDURALS "/opt/pixie/procedurals"
#define PIXIE_MODULES "/opt/pixie/modules"

configure: exit 0
